<?xml version="1.0" encoding="UTF-8"?>
<testsuite name="awe.ideeninitiative.model.repositories.MitarbeiterRepositoryTest" tests="1" skipped="0" failures="0" errors="0" timestamp="2020-05-03T13:30:46" hostname="vanechoic-Inspiron-17-7778" time="0.307">
  <properties/>
  <testcase name="testCreateAndSaveNewEmployee()" classname="awe.ideeninitiative.model.repositories.MitarbeiterRepositoryTest" time="0.307"/>
  <system-out><![CDATA[
  .   ____          _            __ _ _
 /\\ / ___'_ __ _ _(_)_ __  __ _ \ \ \ \
( ( )\___ | '_ | '_| | '_ \/ _` | \ \ \ \
 \\/  ___)| |_)| | | | | || (_| |  ) ) ) )
  '  |____| .__|_| |_|_| |_\__, | / / / /
 =========|_|==============|___/=/_/_/_/
 :: Spring Boot ::        (v2.2.6.RELEASE)

Hibernate: alter table dokument drop foreign key FK80o7uibhj30ykjl3id51a8pt3
Hibernate: alter table idee drop foreign key FK26jwcrpoj2l95510kspk73ny0
Hibernate: alter table idee drop foreign key FKkewwc6dgus01wmjn5kwvq35w3
Hibernate: alter table interne_idee_handlungsfeld drop foreign key FKfon1uqaop6a3ghx5i9m4lx72e
Hibernate: alter table produktidee_sparte drop foreign key FKphlnj513r800trs6mb8oogo8w
Hibernate: alter table produktidee_vertriebsweg drop foreign key FKjcpmpdlfb7h4hrmxm1gk3is8x
Hibernate: alter table produktidee_zielgruppe drop foreign key FK607gg21xs77p7r5vi0wp2tlws
Hibernate: alter table produktidee_zusatzinformation drop foreign key FKpndi9whui3e9lwuaaewq6allw
Hibernate: alter table spezialist_handlungsfeld drop foreign key FKbstggd1qcwna7rmr1egf3c7dk
Hibernate: alter table spezialist_sparte drop foreign key FK3on4cf9cwl7hhb9p08kw2f80a
Hibernate: alter table spezialist_vertriebsweg drop foreign key FKq4o65unl04ffis85atfve6l2k
Hibernate: alter table spezialist_zielgruppe drop foreign key FKhc7mdr81rphcvg96unrfwd7ae
Hibernate: alter table vorteil drop foreign key FKc2ocu04wjhwmpcusjpdmx86ds
Hibernate: drop table if exists dokument
Hibernate: drop table if exists hibernate_sequence
Hibernate: drop table if exists idee
Hibernate: drop table if exists interne_idee_handlungsfeld
Hibernate: drop table if exists mitarbeiter
Hibernate: drop table if exists nachricht
Hibernate: drop table if exists produktidee_sparte
Hibernate: drop table if exists produktidee_vertriebsweg
Hibernate: drop table if exists produktidee_zielgruppe
Hibernate: drop table if exists produktidee_zusatzinformation
Hibernate: drop table if exists spezialist_handlungsfeld
Hibernate: drop table if exists spezialist_sparte
Hibernate: drop table if exists spezialist_vertriebsweg
Hibernate: drop table if exists spezialist_zielgruppe
Hibernate: drop table if exists vorteil
Hibernate: create table dokument (id integer not null, create_date_time datetime, update_date_time datetime, datei tinyblob not null, dateiname varchar(255) not null, idee_id integer, primary key (id)) engine=InnoDB
Hibernate: create table hibernate_sequence (next_val bigint) engine=InnoDB
Hibernate: insert into hibernate_sequence values ( 1 )
Hibernate: insert into hibernate_sequence values ( 1 )
Hibernate: insert into hibernate_sequence values ( 1 )
Hibernate: insert into hibernate_sequence values ( 1 )
Hibernate: insert into hibernate_sequence values ( 1 )
Hibernate: insert into hibernate_sequence values ( 1 )
Hibernate: insert into hibernate_sequence values ( 1 )
Hibernate: insert into hibernate_sequence values ( 1 )
Hibernate: insert into hibernate_sequence values ( 1 )
Hibernate: insert into hibernate_sequence values ( 1 )
Hibernate: create table idee (id integer not null, create_date_time datetime, update_date_time datetime, bearbeitungsstatus integer not null, begruendung varchar(255), beschreibung varchar(255), bezeichnung varchar(255) not null, typ integer not null, erfasser_id integer, fachspezialist_id integer, primary key (id)) engine=InnoDB
Hibernate: create table interne_idee_handlungsfeld (id integer not null, create_date_time datetime, update_date_time datetime, handlungsfeld integer, idee_id integer not null, primary key (id)) engine=InnoDB
Hibernate: create table mitarbeiter (id integer not null, create_date_time datetime, update_date_time datetime, benutzername varchar(255) not null, email varchar(255) not null, ist_fachspezialist bit not null, nachname varchar(255), passwort varchar(255) not null, profilbild tinyblob, vorname varchar(255), primary key (id)) engine=InnoDB
Hibernate: create table nachricht (id integer not null, create_date_time datetime, update_date_time datetime, text varchar(255), primary key (id)) engine=InnoDB
Hibernate: create table produktidee_sparte (id integer not null, create_date_time datetime, update_date_time datetime, sparte integer, idee_id integer not null, primary key (id)) engine=InnoDB
Hibernate: create table produktidee_vertriebsweg (id integer not null, create_date_time datetime, update_date_time datetime, vertriebsweg integer, idee_id integer, primary key (id)) engine=InnoDB
Hibernate: create table produktidee_zielgruppe (id integer not null, create_date_time datetime, update_date_time datetime, zielgruppe integer, idee_id integer, primary key (id)) engine=InnoDB
Hibernate: create table produktidee_zusatzinformation (id integer not null, create_date_time datetime, update_date_time datetime, art_der_umsetzung varchar(255), existiert_bereits bit not null, unternehmensbezeichnung varchar(255), idee_id integer not null, primary key (id)) engine=InnoDB
Hibernate: create table spezialist_handlungsfeld (mitarbeiter_id integer not null, handlungsfeld varchar(255)) engine=InnoDB
Hibernate: create table spezialist_sparte (mitarbeiter_id integer not null, sparte varchar(255)) engine=InnoDB
Hibernate: create table spezialist_vertriebsweg (mitarbeiter_id integer not null, vertriebsweg varchar(255)) engine=InnoDB
Hibernate: create table spezialist_zielgruppe (mitarbeiter_id integer not null, zielgruppe varchar(255)) engine=InnoDB
Hibernate: create table vorteil (id integer not null, create_date_time datetime, update_date_time datetime, beschreibung varchar(255), idee_id integer, primary key (id)) engine=InnoDB
Hibernate: alter table dokument add constraint FK80o7uibhj30ykjl3id51a8pt3 foreign key (idee_id) references idee (id)
Hibernate: alter table idee add constraint FK26jwcrpoj2l95510kspk73ny0 foreign key (erfasser_id) references mitarbeiter (id)
Hibernate: alter table idee add constraint FKkewwc6dgus01wmjn5kwvq35w3 foreign key (fachspezialist_id) references mitarbeiter (id)
Hibernate: alter table interne_idee_handlungsfeld add constraint FKfon1uqaop6a3ghx5i9m4lx72e foreign key (idee_id) references idee (id)
Hibernate: alter table produktidee_sparte add constraint FKphlnj513r800trs6mb8oogo8w foreign key (idee_id) references idee (id)
Hibernate: alter table produktidee_vertriebsweg add constraint FKjcpmpdlfb7h4hrmxm1gk3is8x foreign key (idee_id) references idee (id)
Hibernate: alter table produktidee_zielgruppe add constraint FK607gg21xs77p7r5vi0wp2tlws foreign key (idee_id) references idee (id)
Hibernate: alter table produktidee_zusatzinformation add constraint FKpndi9whui3e9lwuaaewq6allw foreign key (idee_id) references idee (id)
Hibernate: alter table spezialist_handlungsfeld add constraint FKbstggd1qcwna7rmr1egf3c7dk foreign key (mitarbeiter_id) references mitarbeiter (id)
Hibernate: alter table spezialist_sparte add constraint FK3on4cf9cwl7hhb9p08kw2f80a foreign key (mitarbeiter_id) references mitarbeiter (id)
Hibernate: alter table spezialist_vertriebsweg add constraint FKq4o65unl04ffis85atfve6l2k foreign key (mitarbeiter_id) references mitarbeiter (id)
Hibernate: alter table spezialist_zielgruppe add constraint FKhc7mdr81rphcvg96unrfwd7ae foreign key (mitarbeiter_id) references mitarbeiter (id)
Hibernate: alter table vorteil add constraint FKc2ocu04wjhwmpcusjpdmx86ds foreign key (idee_id) references idee (id)
Hibernate: select next_val as id_val from hibernate_sequence for update
Hibernate: update hibernate_sequence set next_val= ? where next_val=?
Hibernate: insert into mitarbeiter (create_date_time, update_date_time, benutzername, email, ist_fachspezialist, nachname, passwort, profilbild, vorname, id) values (?, ?, ?, ?, ?, ?, ?, ?, ?, ?)
]]></system-out>
  <system-err><![CDATA[SLF4J: Class path contains multiple SLF4J bindings.
SLF4J: Found binding in [jar:file:/home/vanechoic/.gradle/caches/modules-2/files-2.1/org.openapitools/openapi-generator-cli/4.3.0/d2a723ec4fae52d359d3c2507785e11a0264bc46/openapi-generator-cli-4.3.0.jar!/org/slf4j/impl/StaticLoggerBinder.class]
SLF4J: Found binding in [jar:file:/home/vanechoic/.gradle/caches/modules-2/files-2.1/org.slf4j/slf4j-simple/1.7.30/e606eac955f55ecf1d8edcccba04eb8ac98088dd/slf4j-simple-1.7.30.jar!/org/slf4j/impl/StaticLoggerBinder.class]
SLF4J: Found binding in [jar:file:/home/vanechoic/.gradle/caches/modules-2/files-2.1/ch.qos.logback/logback-classic/1.2.3/7c4f3c474fb2c041d8028740440937705ebb473a/logback-classic-1.2.3.jar!/org/slf4j/impl/StaticLoggerBinder.class]
SLF4J: See http://www.slf4j.org/codes.html#multiple_bindings for an explanation.
SLF4J: Actual binding is of type [ch.qos.logback.classic.util.ContextSelectorStaticBinder]
]]></system-err>
</testsuite>
