<?xml version="1.0" encoding="UTF-8"?>
<testsuite name="awe.ideeninitiative.model.repositories.MitarbeiterRepositoryTest" tests="1" skipped="0" failures="0" errors="0" timestamp="2020-05-03T14:04:27" hostname="DESKTOP-LIEM37Q" time="0.086">
  <properties/>
  <testcase name="testCreateAndSaveNewEmployee()" classname="awe.ideeninitiative.model.repositories.MitarbeiterRepositoryTest" time="0.086"/>
  <system-out><![CDATA[Hibernate: select next_val as id_val from hibernate_sequence for update
Hibernate: update hibernate_sequence set next_val= ? where next_val=?
Hibernate: insert into mitarbeiter (create_date_time, update_date_time, benutzername, email, ist_fachspezialist, nachname, passwort, profilbild, vorname, id) values (?, ?, ?, ?, ?, ?, ?, ?, ?, ?)
]]></system-out>
  <system-err><![CDATA[]]></system-err>
</testsuite>
